<?xml version="1.0" encoding="UTF-8"?>
<testng-results skipped="0" failed="0" ignored="0" total="2" passed="2">
  <reporter-output>
  </reporter-output>
  <suite name="Default suite" duration-ms="24049" started-at="2022-12-26T16:53:29Z" finished-at="2022-12-26T16:53:54Z">
    <groups>
    </groups>
    <test name="Default test" duration-ms="24049" started-at="2022-12-26T16:53:29Z" finished-at="2022-12-26T16:53:54Z">
      <class name="org.win.ExampleWindowNewTab">
        <test-method status="PASS" signature="google()[pri:0, instance:org.win.ExampleWindowNewTab@18eed359]" name="google" duration-ms="14739" started-at="2022-12-26T16:53:30Z" finished-at="2022-12-26T16:53:44Z">
          <reporter-output>
          </reporter-output>
        </test-method> <!-- google -->
        <test-method status="PASS" signature="facebook()[pri:1, instance:org.win.ExampleWindowNewTab@18eed359]" name="facebook" duration-ms="9154" started-at="2022-12-26T16:53:44Z" finished-at="2022-12-26T16:53:54Z">
          <reporter-output>
          </reporter-output>
        </test-method> <!-- facebook -->
      </class> <!-- org.win.ExampleWindowNewTab -->
    </test> <!-- Default test -->
  </suite> <!-- Default suite -->
</testng-results>
